{"/home/germaaan/proyectos/Gesco-DatabaseManagement/app.js":{"path":"/home/germaaan/proyectos/Gesco-DatabaseManagement/app.js","s":{"1":1,"2":1,"3":1,"4":1,"5":1,"6":1,"7":1,"8":1,"9":1,"10":1,"11":1,"12":1,"13":1,"14":1,"15":1,"16":1,"17":1,"18":1,"19":1,"20":1,"21":1,"22":1,"23":1,"24":1,"25":1,"26":1,"27":1,"28":1,"29":1,"30":1,"31":1,"32":1,"33":1,"34":1,"35":0,"36":0,"37":0,"38":1,"39":1,"40":1,"41":1,"42":1,"43":0,"44":0,"45":0,"46":0,"47":0,"48":0,"49":0,"50":0,"51":0,"52":0,"53":1,"54":1,"55":1,"56":1},"b":{"1":[1,1],"2":[1,1],"3":[1,0],"4":[1,0],"5":[0,0],"6":[0,0],"7":[0,0,0]},"f":{"1":1,"2":1,"3":0,"4":0,"5":1},"fnMap":{"1":{"name":"(anonymous_1)","line":72,"loc":{"start":{"line":72,"column":8},"end":{"line":72,"column":33}}},"2":{"name":"(anonymous_2)","line":82,"loc":{"start":{"line":82,"column":10},"end":{"line":82,"column":40}}},"3":{"name":"(anonymous_3)","line":90,"loc":{"start":{"line":90,"column":10},"end":{"line":90,"column":40}}},"4":{"name":"onError","line":106,"loc":{"start":{"line":106,"column":0},"end":{"line":106,"column":24}}},"5":{"name":"onListening","line":126,"loc":{"start":{"line":126,"column":0},"end":{"line":126,"column":23}}}},"statementMap":{"1":{"start":{"line":25,"column":0},"end":{"line":25,"column":33}},"2":{"start":{"line":27,"column":0},"end":{"line":27,"column":40}},"3":{"start":{"line":28,"column":0},"end":{"line":28,"column":44}},"4":{"start":{"line":29,"column":0},"end":{"line":29,"column":64}},"5":{"start":{"line":30,"column":0},"end":{"line":30,"column":39}},"6":{"start":{"line":31,"column":0},"end":{"line":31,"column":27}},"7":{"start":{"line":32,"column":0},"end":{"line":32,"column":31}},"8":{"start":{"line":33,"column":0},"end":{"line":33,"column":27}},"9":{"start":{"line":35,"column":0},"end":{"line":35,"column":37}},"10":{"start":{"line":38,"column":0},"end":{"line":38,"column":38}},"11":{"start":{"line":39,"column":0},"end":{"line":39,"column":44}},"12":{"start":{"line":40,"column":0},"end":{"line":40,"column":44}},"13":{"start":{"line":43,"column":0},"end":{"line":43,"column":20}},"14":{"start":{"line":46,"column":0},"end":{"line":46,"column":42}},"15":{"start":{"line":47,"column":0},"end":{"line":47,"column":45}},"16":{"start":{"line":49,"column":0},"end":{"line":49,"column":48}},"17":{"start":{"line":51,"column":0},"end":{"line":51,"column":31}},"18":{"start":{"line":54,"column":0},"end":{"line":54,"column":59}},"19":{"start":{"line":56,"column":0},"end":{"line":56,"column":23}},"20":{"start":{"line":58,"column":0},"end":{"line":58,"column":27}},"21":{"start":{"line":59,"column":0},"end":{"line":61,"column":4}},"22":{"start":{"line":62,"column":0},"end":{"line":62,"column":24}},"23":{"start":{"line":64,"column":0},"end":{"line":64,"column":56}},"24":{"start":{"line":67,"column":0},"end":{"line":67,"column":20}},"25":{"start":{"line":68,"column":0},"end":{"line":68,"column":31}},"26":{"start":{"line":69,"column":0},"end":{"line":69,"column":31}},"27":{"start":{"line":72,"column":0},"end":{"line":76,"column":3}},"28":{"start":{"line":73,"column":2},"end":{"line":73,"column":35}},"29":{"start":{"line":74,"column":2},"end":{"line":74,"column":19}},"30":{"start":{"line":75,"column":2},"end":{"line":75,"column":12}},"31":{"start":{"line":81,"column":0},"end":{"line":97,"column":1}},"32":{"start":{"line":82,"column":2},"end":{"line":88,"column":5}},"33":{"start":{"line":83,"column":4},"end":{"line":83,"column":34}},"34":{"start":{"line":84,"column":4},"end":{"line":87,"column":7}},"35":{"start":{"line":90,"column":2},"end":{"line":96,"column":5}},"36":{"start":{"line":91,"column":4},"end":{"line":91,"column":34}},"37":{"start":{"line":92,"column":4},"end":{"line":95,"column":7}},"38":{"start":{"line":100,"column":0},"end":{"line":100,"column":36}},"39":{"start":{"line":101,"column":0},"end":{"line":101,"column":31}},"40":{"start":{"line":102,"column":0},"end":{"line":102,"column":28}},"41":{"start":{"line":103,"column":0},"end":{"line":103,"column":36}},"42":{"start":{"line":106,"column":0},"end":{"line":123,"column":1}},"43":{"start":{"line":107,"column":2},"end":{"line":109,"column":3}},"44":{"start":{"line":108,"column":4},"end":{"line":108,"column":16}},"45":{"start":{"line":111,"column":2},"end":{"line":122,"column":3}},"46":{"start":{"line":113,"column":6},"end":{"line":113,"column":85}},"47":{"start":{"line":114,"column":6},"end":{"line":114,"column":22}},"48":{"start":{"line":115,"column":6},"end":{"line":115,"column":12}},"49":{"start":{"line":117,"column":6},"end":{"line":117,"column":62}},"50":{"start":{"line":118,"column":6},"end":{"line":118,"column":22}},"51":{"start":{"line":119,"column":6},"end":{"line":119,"column":12}},"52":{"start":{"line":121,"column":6},"end":{"line":121,"column":18}},"53":{"start":{"line":126,"column":0},"end":{"line":129,"column":1}},"54":{"start":{"line":127,"column":2},"end":{"line":127,"column":88}},"55":{"start":{"line":128,"column":2},"end":{"line":128,"column":20}},"56":{"start":{"line":131,"column":0},"end":{"line":131,"column":21}}},"branchMap":{"1":{"line":46,"type":"binary-expr","locations":[{"start":{"line":46,"column":16},"end":{"line":46,"column":32}},{"start":{"line":46,"column":36},"end":{"line":46,"column":40}}]},"2":{"line":47,"type":"binary-expr","locations":[{"start":{"line":47,"column":14},"end":{"line":47,"column":28}},{"start":{"line":47,"column":32},"end":{"line":47,"column":43}}]},"3":{"line":81,"type":"if","locations":[{"start":{"line":81,"column":0},"end":{"line":81,"column":0}},{"start":{"line":81,"column":0},"end":{"line":81,"column":0}}]},"4":{"line":83,"type":"binary-expr","locations":[{"start":{"line":83,"column":15},"end":{"line":83,"column":25}},{"start":{"line":83,"column":29},"end":{"line":83,"column":32}}]},"5":{"line":91,"type":"binary-expr","locations":[{"start":{"line":91,"column":15},"end":{"line":91,"column":25}},{"start":{"line":91,"column":29},"end":{"line":91,"column":32}}]},"6":{"line":107,"type":"if","locations":[{"start":{"line":107,"column":2},"end":{"line":107,"column":2}},{"start":{"line":107,"column":2},"end":{"line":107,"column":2}}]},"7":{"line":111,"type":"switch","locations":[{"start":{"line":112,"column":4},"end":{"line":115,"column":12}},{"start":{"line":116,"column":4},"end":{"line":119,"column":12}},{"start":{"line":120,"column":4},"end":{"line":121,"column":18}}]}}},"/home/germaaan/proyectos/Gesco-DatabaseManagement/models/volt.js":{"path":"/home/germaaan/proyectos/Gesco-DatabaseManagement/models/volt.js","s":{"1":1,"2":1,"3":1,"4":1,"5":1,"6":1,"7":1,"8":1,"9":1,"10":1,"11":1,"12":0,"13":1,"14":0,"15":0,"16":0,"17":1,"18":0,"19":0,"20":0,"21":1,"22":1,"23":1,"24":1,"25":1,"26":1,"27":1,"28":0,"29":0},"b":{"1":[0,0]},"f":{"1":0,"2":0,"3":0,"4":1,"5":0,"6":0},"fnMap":{"1":{"name":"eventListener","line":37,"loc":{"start":{"line":37,"column":0},"end":{"line":37,"column":45}}},"2":{"name":"getResultado","line":41,"loc":{"start":{"line":41,"column":0},"end":{"line":41,"column":44}}},"3":{"name":"consultaInsercion","line":49,"loc":{"start":{"line":49,"column":0},"end":{"line":49,"column":29}}},"4":{"name":"(anonymous_4)","line":56,"loc":{"start":{"line":56,"column":19},"end":{"line":56,"column":30}}},"5":{"name":"startup","line":63,"loc":{"start":{"line":63,"column":18},"end":{"line":63,"column":57}}},"6":{"name":"loginError","line":66,"loc":{"start":{"line":66,"column":5},"end":{"line":66,"column":47}}}},"statementMap":{"1":{"start":{"line":23,"column":0},"end":{"line":23,"column":27}},"2":{"start":{"line":24,"column":0},"end":{"line":24,"column":60}},"3":{"start":{"line":25,"column":0},"end":{"line":25,"column":46}},"4":{"start":{"line":26,"column":0},"end":{"line":26,"column":56}},"5":{"start":{"line":27,"column":0},"end":{"line":27,"column":48}},"6":{"start":{"line":29,"column":0},"end":{"line":29,"column":59}},"7":{"start":{"line":31,"column":0},"end":{"line":31,"column":37}},"8":{"start":{"line":32,"column":0},"end":{"line":32,"column":35}},"9":{"start":{"line":33,"column":0},"end":{"line":33,"column":29}},"10":{"start":{"line":35,"column":0},"end":{"line":35,"column":39}},"11":{"start":{"line":37,"column":0},"end":{"line":39,"column":1}},"12":{"start":{"line":38,"column":2},"end":{"line":38,"column":84}},"13":{"start":{"line":41,"column":0},"end":{"line":47,"column":1}},"14":{"start":{"line":42,"column":2},"end":{"line":46,"column":3}},"15":{"start":{"line":43,"column":4},"end":{"line":43,"column":51}},"16":{"start":{"line":45,"column":4},"end":{"line":45,"column":47}},"17":{"start":{"line":49,"column":0},"end":{"line":54,"column":1}},"18":{"start":{"line":50,"column":2},"end":{"line":50,"column":35}},"19":{"start":{"line":51,"column":2},"end":{"line":51,"column":38}},"20":{"start":{"line":53,"column":2},"end":{"line":53,"column":45}},"21":{"start":{"line":56,"column":0},"end":{"line":69,"column":1}},"22":{"start":{"line":57,"column":2},"end":{"line":57,"column":68}},"23":{"start":{"line":58,"column":2},"end":{"line":58,"column":74}},"24":{"start":{"line":59,"column":2},"end":{"line":59,"column":78}},"25":{"start":{"line":60,"column":2},"end":{"line":60,"column":78}},"26":{"start":{"line":61,"column":2},"end":{"line":61,"column":69}},"27":{"start":{"line":63,"column":2},"end":{"line":68,"column":5}},"28":{"start":{"line":64,"column":4},"end":{"line":64,"column":75}},"29":{"start":{"line":67,"column":4},"end":{"line":67,"column":61}}},"branchMap":{"1":{"line":42,"type":"if","locations":[{"start":{"line":42,"column":2},"end":{"line":42,"column":2}},{"start":{"line":42,"column":2},"end":{"line":42,"column":2}}]}}},"/home/germaaan/proyectos/Gesco-DatabaseManagement/routes/index.js":{"path":"/home/germaaan/proyectos/Gesco-DatabaseManagement/routes/index.js","s":{"1":1,"2":1,"3":1,"4":0,"5":1},"b":{},"f":{"1":0},"fnMap":{"1":{"name":"(anonymous_1)","line":27,"loc":{"start":{"line":27,"column":16},"end":{"line":27,"column":35}}}},"statementMap":{"1":{"start":{"line":23,"column":0},"end":{"line":23,"column":33}},"2":{"start":{"line":24,"column":0},"end":{"line":24,"column":30}},"3":{"start":{"line":27,"column":0},"end":{"line":31,"column":3}},"4":{"start":{"line":28,"column":2},"end":{"line":30,"column":5}},"5":{"start":{"line":33,"column":0},"end":{"line":33,"column":24}}},"branchMap":{}},"/home/germaaan/proyectos/Gesco-DatabaseManagement/routes/graficos.js":{"path":"/home/germaaan/proyectos/Gesco-DatabaseManagement/routes/graficos.js","s":{"1":1,"2":1,"3":1,"4":0,"5":1},"b":{},"f":{"1":0},"fnMap":{"1":{"name":"(anonymous_1)","line":27,"loc":{"start":{"line":27,"column":16},"end":{"line":27,"column":35}}}},"statementMap":{"1":{"start":{"line":23,"column":0},"end":{"line":23,"column":33}},"2":{"start":{"line":24,"column":0},"end":{"line":24,"column":30}},"3":{"start":{"line":27,"column":0},"end":{"line":31,"column":3}},"4":{"start":{"line":28,"column":2},"end":{"line":30,"column":5}},"5":{"start":{"line":33,"column":0},"end":{"line":33,"column":24}}},"branchMap":{}},"/home/germaaan/proyectos/Gesco-DatabaseManagement/routes/informes.js":{"path":"/home/germaaan/proyectos/Gesco-DatabaseManagement/routes/informes.js","s":{"1":1,"2":1,"3":1,"4":0,"5":1},"b":{},"f":{"1":0},"fnMap":{"1":{"name":"(anonymous_1)","line":27,"loc":{"start":{"line":27,"column":16},"end":{"line":27,"column":35}}}},"statementMap":{"1":{"start":{"line":23,"column":0},"end":{"line":23,"column":33}},"2":{"start":{"line":24,"column":0},"end":{"line":24,"column":30}},"3":{"start":{"line":27,"column":0},"end":{"line":31,"column":3}},"4":{"start":{"line":28,"column":2},"end":{"line":30,"column":5}},"5":{"start":{"line":33,"column":0},"end":{"line":33,"column":24}}},"branchMap":{}}}