TN:
SF:/home/germaaan/proyectos/Gesco-DatabaseManagement/app.js
FN:72,(anonymous_1)
FN:82,(anonymous_2)
FN:90,(anonymous_3)
FN:106,onError
FN:126,onListening
FNF:5
FNH:3
FNDA:1,(anonymous_1)
FNDA:1,(anonymous_2)
FNDA:0,(anonymous_3)
FNDA:0,onError
FNDA:1,onListening
DA:25,1
DA:27,1
DA:28,1
DA:29,1
DA:30,1
DA:31,1
DA:32,1
DA:33,1
DA:35,1
DA:38,1
DA:39,1
DA:40,1
DA:43,1
DA:46,1
DA:47,1
DA:49,1
DA:51,1
DA:54,1
DA:56,1
DA:58,1
DA:59,1
DA:62,1
DA:64,1
DA:67,1
DA:68,1
DA:69,1
DA:72,1
DA:73,1
DA:74,1
DA:75,1
DA:81,1
DA:82,1
DA:83,1
DA:84,1
DA:90,0
DA:91,0
DA:92,0
DA:100,1
DA:101,1
DA:102,1
DA:103,1
DA:106,1
DA:107,0
DA:108,0
DA:111,0
DA:113,0
DA:114,0
DA:115,0
DA:117,0
DA:118,0
DA:119,0
DA:121,0
DA:126,1
DA:127,1
DA:128,1
DA:131,1
LF:56
LH:43
BRDA:46,1,0,1
BRDA:46,1,1,1
BRDA:47,2,0,1
BRDA:47,2,1,1
BRDA:81,3,0,1
BRDA:81,3,1,0
BRDA:83,4,0,1
BRDA:83,4,1,0
BRDA:91,5,0,0
BRDA:91,5,1,0
BRDA:107,6,0,0
BRDA:107,6,1,0
BRDA:111,7,0,0
BRDA:111,7,1,0
BRDA:111,7,2,0
BRF:15
BRH:6
end_of_record
TN:
SF:/home/germaaan/proyectos/Gesco-DatabaseManagement/models/volt.js
FN:37,eventListener
FN:41,getResultado
FN:49,consultaInsercion
FN:56,(anonymous_4)
FN:63,startup
FN:66,loginError
FNF:6
FNH:1
FNDA:0,eventListener
FNDA:0,getResultado
FNDA:0,consultaInsercion
FNDA:1,(anonymous_4)
FNDA:0,startup
FNDA:0,loginError
DA:23,1
DA:24,1
DA:25,1
DA:26,1
DA:27,1
DA:29,1
DA:31,1
DA:32,1
DA:33,1
DA:35,1
DA:37,1
DA:38,0
DA:41,1
DA:42,0
DA:43,0
DA:45,0
DA:49,1
DA:50,0
DA:51,0
DA:53,0
DA:56,1
DA:57,1
DA:58,1
DA:59,1
DA:60,1
DA:61,1
DA:63,1
DA:64,0
DA:67,0
LF:29
LH:20
BRDA:42,1,0,0
BRDA:42,1,1,0
BRF:2
BRH:0
end_of_record
TN:
SF:/home/germaaan/proyectos/Gesco-DatabaseManagement/routes/index.js
FN:27,(anonymous_1)
FNF:1
FNH:0
FNDA:0,(anonymous_1)
DA:23,1
DA:24,1
DA:27,1
DA:28,0
DA:33,1
LF:5
LH:4
BRF:0
BRH:0
end_of_record
TN:
SF:/home/germaaan/proyectos/Gesco-DatabaseManagement/routes/graficos.js
FN:27,(anonymous_1)
FNF:1
FNH:0
FNDA:0,(anonymous_1)
DA:23,1
DA:24,1
DA:27,1
DA:28,0
DA:33,1
LF:5
LH:4
BRF:0
BRH:0
end_of_record
TN:
SF:/home/germaaan/proyectos/Gesco-DatabaseManagement/routes/informes.js
FN:27,(anonymous_1)
FNF:1
FNH:0
FNDA:0,(anonymous_1)
DA:23,1
DA:24,1
DA:27,1
DA:28,0
DA:33,1
LF:5
LH:4
BRF:0
BRH:0
end_of_record
